{"/home/coppola/Git/Projetos/Projetos_Trybe/modulo_3/sd-07-trybeer/back-end/server.js": {"path":"/home/coppola/Git/Projetos/Projetos_Trybe/modulo_3/sd-07-trybeer/back-end/server.js","statementMap":{"0":{"start":{"line":1,"column":16},"end":{"line":1,"column":34}},"1":{"start":{"line":2,"column":13},"end":{"line":2,"column":28}},"2":{"start":{"line":3,"column":13},"end":{"line":3,"column":28}},"3":{"start":{"line":5,"column":14},"end":{"line":5,"column":44}},"4":{"start":{"line":6,"column":13},"end":{"line":6,"column":42}},"5":{"start":{"line":7,"column":16},"end":{"line":7,"column":48}},"6":{"start":{"line":8,"column":17},"end":{"line":8,"column":50}},"7":{"start":{"line":9,"column":15},"end":{"line":9,"column":46}},"8":{"start":{"line":11,"column":0},"end":{"line":11,"column":27}},"9":{"start":{"line":13,"column":12},"end":{"line":13,"column":21}},"10":{"start":{"line":15,"column":0},"end":{"line":15,"column":16}},"11":{"start":{"line":16,"column":0},"end":{"line":16,"column":24}},"12":{"start":{"line":18,"column":0},"end":{"line":18,"column":75}},"13":{"start":{"line":20,"column":0},"end":{"line":20,"column":25}},"14":{"start":{"line":21,"column":0},"end":{"line":21,"column":23}},"15":{"start":{"line":22,"column":0},"end":{"line":22,"column":30}},"16":{"start":{"line":23,"column":0},"end":{"line":23,"column":31}},"17":{"start":{"line":24,"column":0},"end":{"line":24,"column":27}},"18":{"start":{"line":26,"column":0},"end":{"line":26,"column":21}}},"fnMap":{},"branchMap":{},"s":{"0":5,"1":5,"2":5,"3":5,"4":5,"5":5,"6":5,"7":5,"8":5,"9":5,"10":5,"11":5,"12":5,"13":5,"14":5,"15":5,"16":5,"17":5,"18":5},"f":{},"b":{},"_coverageSchema":"1a1c01bbd47fc00a2c39e90264f33305004495a9","hash":"c36bbc34bf6b97822f246e563a4bd261312f2c77"}
,"/home/coppola/Git/Projetos/Projetos_Trybe/modulo_3/sd-07-trybeer/back-end/controllers/checkoutController.js": {"path":"/home/coppola/Git/Projetos/Projetos_Trybe/modulo_3/sd-07-trybeer/back-end/controllers/checkoutController.js","statementMap":{"0":{"start":{"line":1,"column":24},"end":{"line":1,"column":62}},"1":{"start":{"line":3,"column":15},"end":{"line":3,"column":18}},"2":{"start":{"line":4,"column":11},"end":{"line":4,"column":14}},"3":{"start":{"line":5,"column":14},"end":{"line":5,"column":17}},"4":{"start":{"line":6,"column":17},"end":{"line":6,"column":20}},"5":{"start":{"line":8,"column":20},"end":{"line":19,"column":1}},"6":{"start":{"line":9,"column":2},"end":{"line":18,"column":3}},"7":{"start":{"line":10,"column":17},"end":{"line":10,"column":52}},"8":{"start":{"line":11,"column":4},"end":{"line":13,"column":5}},"9":{"start":{"line":12,"column":6},"end":{"line":12,"column":41}},"10":{"start":{"line":14,"column":4},"end":{"line":14,"column":42}},"11":{"start":{"line":16,"column":4},"end":{"line":16,"column":25}},"12":{"start":{"line":17,"column":4},"end":{"line":17,"column":60}},"13":{"start":{"line":21,"column":20},"end":{"line":34,"column":1}},"14":{"start":{"line":22,"column":2},"end":{"line":33,"column":3}},"15":{"start":{"line":23,"column":19},"end":{"line":23,"column":33}},"16":{"start":{"line":24,"column":17},"end":{"line":24,"column":54}},"17":{"start":{"line":25,"column":4},"end":{"line":28,"column":5}},"18":{"start":{"line":26,"column":26},"end":{"line":26,"column":42}},"19":{"start":{"line":27,"column":6},"end":{"line":27,"column":35}},"20":{"start":{"line":29,"column":4},"end":{"line":29,"column":42}},"21":{"start":{"line":31,"column":24},"end":{"line":31,"column":29}},"22":{"start":{"line":32,"column":4},"end":{"line":32,"column":52}},"23":{"start":{"line":36,"column":19},"end":{"line":49,"column":1}},"24":{"start":{"line":37,"column":2},"end":{"line":48,"column":3}},"25":{"start":{"line":38,"column":22},"end":{"line":38,"column":41}},"26":{"start":{"line":39,"column":17},"end":{"line":39,"column":60}},"27":{"start":{"line":40,"column":4},"end":{"line":40,"column":46}},"28":{"start":{"line":42,"column":4},"end":{"line":42,"column":25}},"29":{"start":{"line":43,"column":24},"end":{"line":43,"column":29}},"30":{"start":{"line":44,"column":4},"end":{"line":46,"column":5}},"31":{"start":{"line":45,"column":6},"end":{"line":45,"column":57}},"32":{"start":{"line":47,"column":4},"end":{"line":47,"column":60}},"33":{"start":{"line":51,"column":24},"end":{"line":63,"column":1}},"34":{"start":{"line":52,"column":17},"end":{"line":52,"column":29}},"35":{"start":{"line":53,"column":2},"end":{"line":53,"column":17}},"36":{"start":{"line":54,"column":2},"end":{"line":62,"column":3}},"37":{"start":{"line":55,"column":21},"end":{"line":55,"column":62}},"38":{"start":{"line":56,"column":4},"end":{"line":56,"column":50}},"39":{"start":{"line":58,"column":4},"end":{"line":58,"column":25}},"40":{"start":{"line":60,"column":24},"end":{"line":60,"column":29}},"41":{"start":{"line":61,"column":4},"end":{"line":61,"column":45}},"42":{"start":{"line":65,"column":0},"end":{"line":65,"column":75}}},"fnMap":{"0":{"name":"(anonymous_0)","decl":{"start":{"line":8,"column":20},"end":{"line":8,"column":21}},"loc":{"start":{"line":8,"column":49},"end":{"line":19,"column":1}},"line":8},"1":{"name":"(anonymous_1)","decl":{"start":{"line":21,"column":20},"end":{"line":21,"column":21}},"loc":{"start":{"line":21,"column":49},"end":{"line":34,"column":1}},"line":21},"2":{"name":"(anonymous_2)","decl":{"start":{"line":36,"column":19},"end":{"line":36,"column":20}},"loc":{"start":{"line":36,"column":48},"end":{"line":49,"column":1}},"line":36},"3":{"name":"(anonymous_3)","decl":{"start":{"line":51,"column":24},"end":{"line":51,"column":25}},"loc":{"start":{"line":51,"column":53},"end":{"line":63,"column":1}},"line":51}},"branchMap":{"0":{"loc":{"start":{"line":11,"column":4},"end":{"line":13,"column":5}},"type":"if","locations":[{"start":{"line":11,"column":4},"end":{"line":13,"column":5}},{"start":{"line":11,"column":4},"end":{"line":13,"column":5}}],"line":11},"1":{"loc":{"start":{"line":25,"column":4},"end":{"line":28,"column":5}},"type":"if","locations":[{"start":{"line":25,"column":4},"end":{"line":28,"column":5}},{"start":{"line":25,"column":4},"end":{"line":28,"column":5}}],"line":25},"2":{"loc":{"start":{"line":44,"column":4},"end":{"line":46,"column":5}},"type":"if","locations":[{"start":{"line":44,"column":4},"end":{"line":46,"column":5}},{"start":{"line":44,"column":4},"end":{"line":46,"column":5}}],"line":44}},"s":{"0":5,"1":5,"2":5,"3":5,"4":5,"5":5,"6":1,"7":1,"8":1,"9":0,"10":1,"11":0,"12":0,"13":5,"14":1,"15":1,"16":1,"17":1,"18":0,"19":0,"20":1,"21":0,"22":0,"23":5,"24":1,"25":1,"26":1,"27":0,"28":0,"29":0,"30":0,"31":0,"32":0,"33":5,"34":1,"35":1,"36":1,"37":1,"38":1,"39":0,"40":0,"41":0,"42":5},"f":{"0":1,"1":1,"2":1,"3":1},"b":{"0":[0,1],"1":[0,1],"2":[0,0]},"_coverageSchema":"1a1c01bbd47fc00a2c39e90264f33305004495a9","hash":"2c4d8469d652e98b902d890ae046bd8669e43cc8"}
,"/home/coppola/Git/Projetos/Projetos_Trybe/modulo_3/sd-07-trybeer/back-end/controllers/loginController.js": {"path":"/home/coppola/Git/Projetos/Projetos_Trybe/modulo_3/sd-07-trybeer/back-end/controllers/loginController.js","statementMap":{"0":{"start":{"line":1,"column":12},"end":{"line":1,"column":35}},"1":{"start":{"line":2,"column":21},"end":{"line":2,"column":56}},"2":{"start":{"line":4,"column":18},"end":{"line":4,"column":29}},"3":{"start":{"line":6,"column":22},"end":{"line":11,"column":1}},"4":{"start":{"line":7,"column":30},"end":{"line":7,"column":36}},"5":{"start":{"line":8,"column":16},"end":{"line":9,"column":50}},"6":{"start":{"line":10,"column":2},"end":{"line":10,"column":15}},"7":{"start":{"line":13,"column":14},"end":{"line":30,"column":1}},"8":{"start":{"line":14,"column":2},"end":{"line":29,"column":3}},"9":{"start":{"line":15,"column":32},"end":{"line":15,"column":40}},"10":{"start":{"line":16,"column":21},"end":{"line":16,"column":68}},"11":{"start":{"line":17,"column":4},"end":{"line":25,"column":5}},"12":{"start":{"line":18,"column":24},"end":{"line":21,"column":7}},"13":{"start":{"line":22,"column":20},"end":{"line":22,"column":52}},"14":{"start":{"line":23,"column":33},"end":{"line":23,"column":39}},"15":{"start":{"line":24,"column":6},"end":{"line":24,"column":68}},"16":{"start":{"line":27,"column":24},"end":{"line":27,"column":29}},"17":{"start":{"line":28,"column":4},"end":{"line":28,"column":45}},"18":{"start":{"line":32,"column":0},"end":{"line":34,"column":2}}},"fnMap":{"0":{"name":"(anonymous_0)","decl":{"start":{"line":6,"column":22},"end":{"line":6,"column":23}},"loc":{"start":{"line":6,"column":45},"end":{"line":11,"column":1}},"line":6},"1":{"name":"(anonymous_1)","decl":{"start":{"line":13,"column":14},"end":{"line":13,"column":15}},"loc":{"start":{"line":13,"column":34},"end":{"line":30,"column":1}},"line":13}},"branchMap":{"0":{"loc":{"start":{"line":8,"column":46},"end":{"line":9,"column":38}},"type":"binary-expr","locations":[{"start":{"line":8,"column":46},"end":{"line":8,"column":74}},{"start":{"line":9,"column":7},"end":{"line":9,"column":25}},{"start":{"line":9,"column":29},"end":{"line":9,"column":38}}],"line":8},"1":{"loc":{"start":{"line":17,"column":4},"end":{"line":25,"column":5}},"type":"if","locations":[{"start":{"line":17,"column":4},"end":{"line":25,"column":5}},{"start":{"line":17,"column":4},"end":{"line":25,"column":5}}],"line":17}},"s":{"0":5,"1":5,"2":5,"3":5,"4":2,"5":2,"6":2,"7":5,"8":3,"9":3,"10":3,"11":2,"12":2,"13":2,"14":2,"15":2,"16":1,"17":1,"18":5},"f":{"0":2,"1":3},"b":{"0":[2,2,0],"1":[2,0]},"_coverageSchema":"1a1c01bbd47fc00a2c39e90264f33305004495a9","hash":"a5e3ba92dedcef21c7a61074afe92e29c8a22b8a"}
,"/home/coppola/Git/Projetos/Projetos_Trybe/modulo_3/sd-07-trybeer/back-end/controllers/orderController.js": {"path":"/home/coppola/Git/Projetos/Projetos_Trybe/modulo_3/sd-07-trybeer/back-end/controllers/orderController.js","statementMap":{"0":{"start":{"line":1,"column":21},"end":{"line":1,"column":56}},"1":{"start":{"line":3,"column":11},"end":{"line":3,"column":14}},"2":{"start":{"line":4,"column":14},"end":{"line":4,"column":17}},"3":{"start":{"line":5,"column":18},"end":{"line":5,"column":21}},"4":{"start":{"line":7,"column":21},"end":{"line":18,"column":1}},"5":{"start":{"line":8,"column":2},"end":{"line":17,"column":3}},"6":{"start":{"line":9,"column":18},"end":{"line":9,"column":51}},"7":{"start":{"line":10,"column":4},"end":{"line":12,"column":5}},"8":{"start":{"line":11,"column":6},"end":{"line":11,"column":42}},"9":{"start":{"line":13,"column":4},"end":{"line":13,"column":43}},"10":{"start":{"line":15,"column":4},"end":{"line":15,"column":25}},"11":{"start":{"line":16,"column":4},"end":{"line":16,"column":60}},"12":{"start":{"line":20,"column":21},"end":{"line":33,"column":1}},"13":{"start":{"line":21,"column":2},"end":{"line":32,"column":3}},"14":{"start":{"line":22,"column":19},"end":{"line":22,"column":33}},"15":{"start":{"line":23,"column":18},"end":{"line":23,"column":53}},"16":{"start":{"line":24,"column":4},"end":{"line":27,"column":5}},"17":{"start":{"line":25,"column":26},"end":{"line":25,"column":43}},"18":{"start":{"line":26,"column":6},"end":{"line":26,"column":35}},"19":{"start":{"line":28,"column":4},"end":{"line":28,"column":43}},"20":{"start":{"line":30,"column":24},"end":{"line":30,"column":29}},"21":{"start":{"line":31,"column":4},"end":{"line":31,"column":56}},"22":{"start":{"line":35,"column":24},"end":{"line":48,"column":1}},"23":{"start":{"line":36,"column":2},"end":{"line":47,"column":3}},"24":{"start":{"line":37,"column":19},"end":{"line":37,"column":33}},"25":{"start":{"line":38,"column":18},"end":{"line":38,"column":56}},"26":{"start":{"line":39,"column":4},"end":{"line":42,"column":5}},"27":{"start":{"line":40,"column":26},"end":{"line":40,"column":43}},"28":{"start":{"line":41,"column":6},"end":{"line":41,"column":35}},"29":{"start":{"line":43,"column":4},"end":{"line":43,"column":43}},"30":{"start":{"line":45,"column":24},"end":{"line":45,"column":29}},"31":{"start":{"line":46,"column":4},"end":{"line":46,"column":52}},"32":{"start":{"line":50,"column":0},"end":{"line":50,"column":65}}},"fnMap":{"0":{"name":"(anonymous_0)","decl":{"start":{"line":7,"column":21},"end":{"line":7,"column":22}},"loc":{"start":{"line":7,"column":51},"end":{"line":18,"column":1}},"line":7},"1":{"name":"(anonymous_1)","decl":{"start":{"line":20,"column":21},"end":{"line":20,"column":22}},"loc":{"start":{"line":20,"column":50},"end":{"line":33,"column":1}},"line":20},"2":{"name":"(anonymous_2)","decl":{"start":{"line":35,"column":24},"end":{"line":35,"column":25}},"loc":{"start":{"line":35,"column":53},"end":{"line":48,"column":1}},"line":35}},"branchMap":{"0":{"loc":{"start":{"line":10,"column":4},"end":{"line":12,"column":5}},"type":"if","locations":[{"start":{"line":10,"column":4},"end":{"line":12,"column":5}},{"start":{"line":10,"column":4},"end":{"line":12,"column":5}}],"line":10},"1":{"loc":{"start":{"line":10,"column":8},"end":{"line":10,"column":36}},"type":"binary-expr","locations":[{"start":{"line":10,"column":8},"end":{"line":10,"column":14}},{"start":{"line":10,"column":18},"end":{"line":10,"column":36}}],"line":10},"2":{"loc":{"start":{"line":24,"column":4},"end":{"line":27,"column":5}},"type":"if","locations":[{"start":{"line":24,"column":4},"end":{"line":27,"column":5}},{"start":{"line":24,"column":4},"end":{"line":27,"column":5}}],"line":24},"3":{"loc":{"start":{"line":24,"column":8},"end":{"line":24,"column":36}},"type":"binary-expr","locations":[{"start":{"line":24,"column":8},"end":{"line":24,"column":14}},{"start":{"line":24,"column":18},"end":{"line":24,"column":36}}],"line":24},"4":{"loc":{"start":{"line":39,"column":4},"end":{"line":42,"column":5}},"type":"if","locations":[{"start":{"line":39,"column":4},"end":{"line":42,"column":5}},{"start":{"line":39,"column":4},"end":{"line":42,"column":5}}],"line":39},"5":{"loc":{"start":{"line":39,"column":8},"end":{"line":39,"column":36}},"type":"binary-expr","locations":[{"start":{"line":39,"column":8},"end":{"line":39,"column":14}},{"start":{"line":39,"column":18},"end":{"line":39,"column":36}}],"line":39}},"s":{"0":5,"1":5,"2":5,"3":5,"4":5,"5":1,"6":1,"7":1,"8":0,"9":1,"10":0,"11":0,"12":5,"13":2,"14":2,"15":2,"16":2,"17":1,"18":1,"19":1,"20":1,"21":1,"22":5,"23":2,"24":2,"25":2,"26":2,"27":1,"28":1,"29":1,"30":1,"31":1,"32":5},"f":{"0":1,"1":2,"2":2},"b":{"0":[0,1],"1":[1,1],"2":[1,1],"3":[2,2],"4":[1,1],"5":[2,2]},"_coverageSchema":"1a1c01bbd47fc00a2c39e90264f33305004495a9","hash":"fa1eef0109c26511db4c38316d8c0c4adde760b7"}
,"/home/coppola/Git/Projetos/Projetos_Trybe/modulo_3/sd-07-trybeer/back-end/controllers/productController.js": {"path":"/home/coppola/Git/Projetos/Projetos_Trybe/modulo_3/sd-07-trybeer/back-end/controllers/productController.js","statementMap":{"0":{"start":{"line":1,"column":23},"end":{"line":1,"column":60}},"1":{"start":{"line":3,"column":11},"end":{"line":3,"column":14}},"2":{"start":{"line":4,"column":14},"end":{"line":4,"column":17}},"3":{"start":{"line":5,"column":18},"end":{"line":5,"column":21}},"4":{"start":{"line":7,"column":23},"end":{"line":16,"column":1}},"5":{"start":{"line":8,"column":2},"end":{"line":15,"column":3}},"6":{"start":{"line":9,"column":20},"end":{"line":9,"column":57}},"7":{"start":{"line":10,"column":4},"end":{"line":10,"column":56}},"8":{"start":{"line":10,"column":18},"end":{"line":10,"column":56}},"9":{"start":{"line":11,"column":4},"end":{"line":11,"column":45}},"10":{"start":{"line":13,"column":4},"end":{"line":13,"column":25}},"11":{"start":{"line":14,"column":4},"end":{"line":14,"column":60}},"12":{"start":{"line":17,"column":23},"end":{"line":30,"column":1}},"13":{"start":{"line":18,"column":2},"end":{"line":29,"column":3}},"14":{"start":{"line":19,"column":19},"end":{"line":19,"column":33}},"15":{"start":{"line":20,"column":20},"end":{"line":20,"column":59}},"16":{"start":{"line":21,"column":4},"end":{"line":24,"column":5}},"17":{"start":{"line":22,"column":26},"end":{"line":22,"column":45}},"18":{"start":{"line":23,"column":6},"end":{"line":23,"column":35}},"19":{"start":{"line":25,"column":4},"end":{"line":25,"column":45}},"20":{"start":{"line":27,"column":24},"end":{"line":27,"column":29}},"21":{"start":{"line":28,"column":4},"end":{"line":28,"column":56}},"22":{"start":{"line":32,"column":0},"end":{"line":32,"column":52}}},"fnMap":{"0":{"name":"(anonymous_0)","decl":{"start":{"line":7,"column":23},"end":{"line":7,"column":24}},"loc":{"start":{"line":7,"column":53},"end":{"line":16,"column":1}},"line":7},"1":{"name":"(anonymous_1)","decl":{"start":{"line":17,"column":23},"end":{"line":17,"column":24}},"loc":{"start":{"line":17,"column":52},"end":{"line":30,"column":1}},"line":17}},"branchMap":{"0":{"loc":{"start":{"line":10,"column":4},"end":{"line":10,"column":56}},"type":"if","locations":[{"start":{"line":10,"column":4},"end":{"line":10,"column":56}},{"start":{"line":10,"column":4},"end":{"line":10,"column":56}}],"line":10},"1":{"loc":{"start":{"line":21,"column":4},"end":{"line":24,"column":5}},"type":"if","locations":[{"start":{"line":21,"column":4},"end":{"line":24,"column":5}},{"start":{"line":21,"column":4},"end":{"line":24,"column":5}}],"line":21},"2":{"loc":{"start":{"line":21,"column":8},"end":{"line":21,"column":40}},"type":"binary-expr","locations":[{"start":{"line":21,"column":8},"end":{"line":21,"column":16}},{"start":{"line":21,"column":20},"end":{"line":21,"column":40}}],"line":21}},"s":{"0":5,"1":5,"2":5,"3":5,"4":5,"5":1,"6":1,"7":1,"8":0,"9":1,"10":0,"11":0,"12":5,"13":2,"14":2,"15":2,"16":2,"17":1,"18":1,"19":1,"20":1,"21":1,"22":5},"f":{"0":1,"1":2},"b":{"0":[0,1],"1":[1,1],"2":[2,2]},"_coverageSchema":"1a1c01bbd47fc00a2c39e90264f33305004495a9","hash":"00b2469a5abb239eda04c2f35099b18ae9dd5872"}
,"/home/coppola/Git/Projetos/Projetos_Trybe/modulo_3/sd-07-trybeer/back-end/controllers/userController.js": {"path":"/home/coppola/Git/Projetos/Projetos_Trybe/modulo_3/sd-07-trybeer/back-end/controllers/userController.js","statementMap":{"0":{"start":{"line":1,"column":20},"end":{"line":1,"column":54}},"1":{"start":{"line":3,"column":11},"end":{"line":3,"column":14}},"2":{"start":{"line":4,"column":15},"end":{"line":4,"column":18}},"3":{"start":{"line":5,"column":20},"end":{"line":5,"column":23}},"4":{"start":{"line":6,"column":22},"end":{"line":6,"column":25}},"5":{"start":{"line":7,"column":17},"end":{"line":7,"column":20}},"6":{"start":{"line":9,"column":19},"end":{"line":28,"column":1}},"7":{"start":{"line":10,"column":2},"end":{"line":27,"column":3}},"8":{"start":{"line":11,"column":51},"end":{"line":11,"column":63}},"9":{"start":{"line":12,"column":17},"end":{"line":17,"column":5}},"10":{"start":{"line":18,"column":4},"end":{"line":18,"column":50}},"11":{"start":{"line":22,"column":24},"end":{"line":22,"column":29}},"12":{"start":{"line":23,"column":4},"end":{"line":25,"column":5}},"13":{"start":{"line":24,"column":6},"end":{"line":24,"column":57}},"14":{"start":{"line":26,"column":4},"end":{"line":26,"column":53}},"15":{"start":{"line":30,"column":19},"end":{"line":41,"column":1}},"16":{"start":{"line":31,"column":2},"end":{"line":40,"column":3}},"17":{"start":{"line":32,"column":28},"end":{"line":32,"column":40}},"18":{"start":{"line":33,"column":17},"end":{"line":33,"column":58}},"19":{"start":{"line":34,"column":4},"end":{"line":34,"column":77}},"20":{"start":{"line":34,"column":48},"end":{"line":34,"column":77}},"21":{"start":{"line":35,"column":4},"end":{"line":35,"column":42}},"22":{"start":{"line":37,"column":4},"end":{"line":37,"column":25}},"23":{"start":{"line":38,"column":24},"end":{"line":38,"column":29}},"24":{"start":{"line":39,"column":4},"end":{"line":39,"column":51}},"25":{"start":{"line":43,"column":0},"end":{"line":46,"column":2}}},"fnMap":{"0":{"name":"(anonymous_0)","decl":{"start":{"line":9,"column":19},"end":{"line":9,"column":20}},"loc":{"start":{"line":9,"column":48},"end":{"line":28,"column":1}},"line":9},"1":{"name":"(anonymous_1)","decl":{"start":{"line":30,"column":19},"end":{"line":30,"column":20}},"loc":{"start":{"line":30,"column":48},"end":{"line":41,"column":1}},"line":30}},"branchMap":{"0":{"loc":{"start":{"line":23,"column":4},"end":{"line":25,"column":5}},"type":"if","locations":[{"start":{"line":23,"column":4},"end":{"line":25,"column":5}},{"start":{"line":23,"column":4},"end":{"line":25,"column":5}}],"line":23},"1":{"loc":{"start":{"line":34,"column":4},"end":{"line":34,"column":77}},"type":"if","locations":[{"start":{"line":34,"column":4},"end":{"line":34,"column":77}},{"start":{"line":34,"column":4},"end":{"line":34,"column":77}}],"line":34}},"s":{"0":5,"1":5,"2":5,"3":5,"4":5,"5":5,"6":5,"7":10,"8":10,"9":10,"10":2,"11":8,"12":8,"13":1,"14":7,"15":5,"16":2,"17":2,"18":2,"19":2,"20":1,"21":1,"22":1,"23":1,"24":1,"25":5},"f":{"0":10,"1":2},"b":{"0":[1,7],"1":[1,1]},"_coverageSchema":"1a1c01bbd47fc00a2c39e90264f33305004495a9","hash":"18d13719cb789a1a93599fd45a7e2bc45e5fc32a"}
,"/home/coppola/Git/Projetos/Projetos_Trybe/modulo_3/sd-07-trybeer/back-end/middlewares/validateTokenMid.js": {"path":"/home/coppola/Git/Projetos/Projetos_Trybe/modulo_3/sd-07-trybeer/back-end/middlewares/validateTokenMid.js","statementMap":{"0":{"start":{"line":1,"column":12},"end":{"line":1,"column":35}},"1":{"start":{"line":2,"column":18},"end":{"line":2,"column":48}},"2":{"start":{"line":4,"column":18},"end":{"line":4,"column":29}},"3":{"start":{"line":6,"column":22},"end":{"line":25,"column":1}},"4":{"start":{"line":7,"column":16},"end":{"line":7,"column":45}},"5":{"start":{"line":8,"column":2},"end":{"line":11,"column":3}},"6":{"start":{"line":9,"column":18},"end":{"line":9,"column":21}},"7":{"start":{"line":10,"column":4},"end":{"line":10,"column":74}},"8":{"start":{"line":12,"column":2},"end":{"line":24,"column":3}},"9":{"start":{"line":13,"column":20},"end":{"line":13,"column":70}},"10":{"start":{"line":14,"column":17},"end":{"line":14,"column":52}},"11":{"start":{"line":16,"column":4},"end":{"line":19,"column":5}},"12":{"start":{"line":17,"column":20},"end":{"line":17,"column":23}},"13":{"start":{"line":18,"column":6},"end":{"line":18,"column":69}},"14":{"start":{"line":20,"column":4},"end":{"line":20,"column":24}},"15":{"start":{"line":21,"column":4},"end":{"line":21,"column":11}},"16":{"start":{"line":23,"column":4},"end":{"line":23,"column":65}},"17":{"start":{"line":27,"column":0},"end":{"line":27,"column":31}}},"fnMap":{"0":{"name":"(anonymous_0)","decl":{"start":{"line":6,"column":22},"end":{"line":6,"column":23}},"loc":{"start":{"line":6,"column":57},"end":{"line":25,"column":1}},"line":6}},"branchMap":{"0":{"loc":{"start":{"line":8,"column":2},"end":{"line":11,"column":3}},"type":"if","locations":[{"start":{"line":8,"column":2},"end":{"line":11,"column":3}},{"start":{"line":8,"column":2},"end":{"line":11,"column":3}}],"line":8},"1":{"loc":{"start":{"line":13,"column":38},"end":{"line":13,"column":69}},"type":"binary-expr","locations":[{"start":{"line":13,"column":38},"end":{"line":13,"column":56}},{"start":{"line":13,"column":60},"end":{"line":13,"column":69}}],"line":13},"2":{"loc":{"start":{"line":16,"column":4},"end":{"line":19,"column":5}},"type":"if","locations":[{"start":{"line":16,"column":4},"end":{"line":19,"column":5}},{"start":{"line":16,"column":4},"end":{"line":19,"column":5}}],"line":16}},"s":{"0":5,"1":5,"2":5,"3":5,"4":3,"5":3,"6":1,"7":1,"8":2,"9":2,"10":2,"11":2,"12":0,"13":0,"14":2,"15":2,"16":0,"17":5},"f":{"0":3},"b":{"0":[1,2],"1":[2,0],"2":[0,2]},"_coverageSchema":"1a1c01bbd47fc00a2c39e90264f33305004495a9","hash":"5f92e438f8b90a8eae58490be2b229828bca0568"}
,"/home/coppola/Git/Projetos/Projetos_Trybe/modulo_3/sd-07-trybeer/back-end/models/connection.js": {"path":"/home/coppola/Git/Projetos/Projetos_Trybe/modulo_3/sd-07-trybeer/back-end/models/connection.js","statementMap":{"0":{"start":{"line":1,"column":14},"end":{"line":1,"column":39}},"1":{"start":{"line":2,"column":0},"end":{"line":2,"column":27}},"2":{"start":{"line":4,"column":19},"end":{"line":10,"column":4}},"3":{"start":{"line":12,"column":2},"end":{"line":12,"column":30}}},"fnMap":{},"branchMap":{},"s":{"0":5,"1":5,"2":5,"3":5},"f":{},"b":{},"_coverageSchema":"1a1c01bbd47fc00a2c39e90264f33305004495a9","hash":"8e9308b7f4e989cedc029b18e29f3ceea1196090"}
,"/home/coppola/Git/Projetos/Projetos_Trybe/modulo_3/sd-07-trybeer/back-end/models/loginModel.js": {"path":"/home/coppola/Git/Projetos/Projetos_Trybe/modulo_3/sd-07-trybeer/back-end/models/loginModel.js","statementMap":{"0":{"start":{"line":1,"column":19},"end":{"line":1,"column":42}},"1":{"start":{"line":16,"column":19},"end":{"line":21,"column":1}},"2":{"start":{"line":17,"column":16},"end":{"line":19,"column":4}},"3":{"start":{"line":20,"column":2},"end":{"line":20,"column":13}},"4":{"start":{"line":50,"column":0},"end":{"line":52,"column":2}}},"fnMap":{"0":{"name":"(anonymous_0)","decl":{"start":{"line":16,"column":19},"end":{"line":16,"column":20}},"loc":{"start":{"line":16,"column":36},"end":{"line":21,"column":1}},"line":16}},"branchMap":{},"s":{"0":5,"1":5,"2":4,"3":4,"4":5},"f":{"0":4},"b":{},"_coverageSchema":"1a1c01bbd47fc00a2c39e90264f33305004495a9","hash":"c6c52367970abcf90c4d3fbe4fc9a1c9399acae5"}
,"/home/coppola/Git/Projetos/Projetos_Trybe/modulo_3/sd-07-trybeer/back-end/models/orderModel.js": {"path":"/home/coppola/Git/Projetos/Projetos_Trybe/modulo_3/sd-07-trybeer/back-end/models/orderModel.js","statementMap":{"0":{"start":{"line":1,"column":19},"end":{"line":1,"column":42}},"1":{"start":{"line":3,"column":21},"end":{"line":8,"column":1}},"2":{"start":{"line":4,"column":20},"end":{"line":6,"column":3}},"3":{"start":{"line":7,"column":2},"end":{"line":7,"column":17}},"4":{"start":{"line":9,"column":21},"end":{"line":15,"column":1}},"5":{"start":{"line":10,"column":16},"end":{"line":13,"column":3}},"6":{"start":{"line":14,"column":2},"end":{"line":14,"column":13}},"7":{"start":{"line":17,"column":24},"end":{"line":26,"column":1}},"8":{"start":{"line":18,"column":24},"end":{"line":24,"column":3}},"9":{"start":{"line":25,"column":2},"end":{"line":25,"column":21}},"10":{"start":{"line":28,"column":0},"end":{"line":32,"column":2}}},"fnMap":{"0":{"name":"(anonymous_0)","decl":{"start":{"line":3,"column":21},"end":{"line":3,"column":22}},"loc":{"start":{"line":3,"column":33},"end":{"line":8,"column":1}},"line":3},"1":{"name":"(anonymous_1)","decl":{"start":{"line":9,"column":21},"end":{"line":9,"column":22}},"loc":{"start":{"line":9,"column":35},"end":{"line":15,"column":1}},"line":9},"2":{"name":"(anonymous_2)","decl":{"start":{"line":17,"column":24},"end":{"line":17,"column":25}},"loc":{"start":{"line":17,"column":38},"end":{"line":26,"column":1}},"line":17}},"branchMap":{},"s":{"0":5,"1":5,"2":1,"3":1,"4":5,"5":2,"6":2,"7":5,"8":2,"9":2,"10":5},"f":{"0":1,"1":2,"2":2},"b":{},"_coverageSchema":"1a1c01bbd47fc00a2c39e90264f33305004495a9","hash":"4d90ce20a6cbe5db2a4c3f3ce48b38fb6dfceefc"}
,"/home/coppola/Git/Projetos/Projetos_Trybe/modulo_3/sd-07-trybeer/back-end/models/productModel.js": {"path":"/home/coppola/Git/Projetos/Projetos_Trybe/modulo_3/sd-07-trybeer/back-end/models/productModel.js","statementMap":{"0":{"start":{"line":1,"column":19},"end":{"line":1,"column":42}},"1":{"start":{"line":3,"column":23},"end":{"line":8,"column":1}},"2":{"start":{"line":4,"column":20},"end":{"line":6,"column":3}},"3":{"start":{"line":7,"column":2},"end":{"line":7,"column":17}},"4":{"start":{"line":9,"column":23},"end":{"line":15,"column":1}},"5":{"start":{"line":10,"column":16},"end":{"line":13,"column":3}},"6":{"start":{"line":14,"column":2},"end":{"line":14,"column":13}},"7":{"start":{"line":17,"column":0},"end":{"line":17,"column":52}}},"fnMap":{"0":{"name":"(anonymous_0)","decl":{"start":{"line":3,"column":23},"end":{"line":3,"column":24}},"loc":{"start":{"line":3,"column":35},"end":{"line":8,"column":1}},"line":3},"1":{"name":"(anonymous_1)","decl":{"start":{"line":9,"column":23},"end":{"line":9,"column":24}},"loc":{"start":{"line":9,"column":37},"end":{"line":15,"column":1}},"line":9}},"branchMap":{},"s":{"0":5,"1":5,"2":1,"3":1,"4":5,"5":2,"6":2,"7":5},"f":{"0":1,"1":2},"b":{},"_coverageSchema":"1a1c01bbd47fc00a2c39e90264f33305004495a9","hash":"01a574b20deff450e3336f8e7650982d1fc4b5cd"}
,"/home/coppola/Git/Projetos/Projetos_Trybe/modulo_3/sd-07-trybeer/back-end/models/saleModel.js": {"path":"/home/coppola/Git/Projetos/Projetos_Trybe/modulo_3/sd-07-trybeer/back-end/models/saleModel.js","statementMap":{"0":{"start":{"line":1,"column":19},"end":{"line":1,"column":42}},"1":{"start":{"line":3,"column":20},"end":{"line":6,"column":1}},"2":{"start":{"line":4,"column":20},"end":{"line":4,"column":67}},"3":{"start":{"line":5,"column":2},"end":{"line":5,"column":17}},"4":{"start":{"line":8,"column":20},"end":{"line":13,"column":1}},"5":{"start":{"line":9,"column":16},"end":{"line":11,"column":4}},"6":{"start":{"line":12,"column":2},"end":{"line":12,"column":13}},"7":{"start":{"line":15,"column":23},"end":{"line":31,"column":1}},"8":{"start":{"line":16,"column":72},"end":{"line":16,"column":81}},"9":{"start":{"line":17,"column":21},"end":{"line":22,"column":3}},"10":{"start":{"line":23,"column":4},"end":{"line":29,"column":7}},"11":{"start":{"line":24,"column":6},"end":{"line":27,"column":8}},"12":{"start":{"line":28,"column":6},"end":{"line":28,"column":18}},"13":{"start":{"line":30,"column":2},"end":{"line":30,"column":49}},"14":{"start":{"line":37,"column":24},"end":{"line":46,"column":1}},"15":{"start":{"line":38,"column":2},"end":{"line":38,"column":30}},"16":{"start":{"line":39,"column":2},"end":{"line":41,"column":4}},"17":{"start":{"line":42,"column":21},"end":{"line":44,"column":3}},"18":{"start":{"line":45,"column":2},"end":{"line":45,"column":49}},"19":{"start":{"line":48,"column":0},"end":{"line":53,"column":2}}},"fnMap":{"0":{"name":"(anonymous_0)","decl":{"start":{"line":3,"column":20},"end":{"line":3,"column":21}},"loc":{"start":{"line":3,"column":32},"end":{"line":6,"column":1}},"line":3},"1":{"name":"(anonymous_1)","decl":{"start":{"line":8,"column":20},"end":{"line":8,"column":21}},"loc":{"start":{"line":8,"column":34},"end":{"line":13,"column":1}},"line":8},"2":{"name":"(anonymous_2)","decl":{"start":{"line":15,"column":23},"end":{"line":15,"column":24}},"loc":{"start":{"line":15,"column":44},"end":{"line":31,"column":1}},"line":15},"3":{"name":"(anonymous_3)","decl":{"start":{"line":23,"column":13},"end":{"line":23,"column":14}},"loc":{"start":{"line":23,"column":23},"end":{"line":29,"column":5}},"line":23},"4":{"name":"(anonymous_4)","decl":{"start":{"line":37,"column":24},"end":{"line":37,"column":25}},"loc":{"start":{"line":37,"column":50},"end":{"line":46,"column":1}},"line":37}},"branchMap":{},"s":{"0":5,"1":5,"2":1,"3":1,"4":5,"5":1,"6":1,"7":5,"8":1,"9":1,"10":0,"11":0,"12":0,"13":0,"14":5,"15":1,"16":1,"17":1,"18":1,"19":5},"f":{"0":1,"1":1,"2":1,"3":0,"4":1},"b":{},"_coverageSchema":"1a1c01bbd47fc00a2c39e90264f33305004495a9","hash":"450b08e91457b03cfd9accd2d278761a8436200f"}
,"/home/coppola/Git/Projetos/Projetos_Trybe/modulo_3/sd-07-trybeer/back-end/models/userModel.js": {"path":"/home/coppola/Git/Projetos/Projetos_Trybe/modulo_3/sd-07-trybeer/back-end/models/userModel.js","statementMap":{"0":{"start":{"line":1,"column":19},"end":{"line":1,"column":42}},"1":{"start":{"line":3,"column":19},"end":{"line":9,"column":1}},"2":{"start":{"line":4,"column":16},"end":{"line":7,"column":3}},"3":{"start":{"line":8,"column":2},"end":{"line":8,"column":13}},"4":{"start":{"line":11,"column":16},"end":{"line":17,"column":1}},"5":{"start":{"line":12,"column":16},"end":{"line":15,"column":3}},"6":{"start":{"line":16,"column":2},"end":{"line":16,"column":13}},"7":{"start":{"line":19,"column":15},"end":{"line":28,"column":1}},"8":{"start":{"line":20,"column":15},"end":{"line":20,"column":23}},"9":{"start":{"line":23,"column":6},"end":{"line":26,"column":3}},"10":{"start":{"line":27,"column":2},"end":{"line":27,"column":59}},"11":{"start":{"line":30,"column":20},"end":{"line":39,"column":1}},"12":{"start":{"line":31,"column":15},"end":{"line":31,"column":22}},"13":{"start":{"line":34,"column":6},"end":{"line":37,"column":3}},"14":{"start":{"line":38,"column":2},"end":{"line":38,"column":59}},"15":{"start":{"line":41,"column":19},"end":{"line":45,"column":1}},"16":{"start":{"line":42,"column":2},"end":{"line":42,"column":87}},"17":{"start":{"line":43,"column":22},"end":{"line":43,"column":45}},"18":{"start":{"line":44,"column":2},"end":{"line":44,"column":21}},"19":{"start":{"line":47,"column":0},"end":{"line":53,"column":2}}},"fnMap":{"0":{"name":"(anonymous_0)","decl":{"start":{"line":3,"column":19},"end":{"line":3,"column":20}},"loc":{"start":{"line":3,"column":36},"end":{"line":9,"column":1}},"line":3},"1":{"name":"(anonymous_1)","decl":{"start":{"line":11,"column":16},"end":{"line":11,"column":17}},"loc":{"start":{"line":11,"column":30},"end":{"line":17,"column":1}},"line":11},"2":{"name":"(anonymous_2)","decl":{"start":{"line":19,"column":15},"end":{"line":19,"column":16}},"loc":{"start":{"line":19,"column":48},"end":{"line":28,"column":1}},"line":19},"3":{"name":"(anonymous_3)","decl":{"start":{"line":30,"column":20},"end":{"line":30,"column":21}},"loc":{"start":{"line":30,"column":53},"end":{"line":39,"column":1}},"line":30},"4":{"name":"(anonymous_4)","decl":{"start":{"line":41,"column":19},"end":{"line":41,"column":20}},"loc":{"start":{"line":41,"column":42},"end":{"line":45,"column":1}},"line":41}},"branchMap":{},"s":{"0":5,"1":5,"2":4,"3":4,"4":5,"5":2,"6":2,"7":5,"8":1,"9":1,"10":1,"11":5,"12":1,"13":1,"14":1,"15":5,"16":1,"17":1,"18":1,"19":5},"f":{"0":4,"1":2,"2":1,"3":1,"4":1},"b":{},"_coverageSchema":"1a1c01bbd47fc00a2c39e90264f33305004495a9","hash":"cec76ae4c7a3ec0cf6e65f70c14d33e68a38ebfe"}
,"/home/coppola/Git/Projetos/Projetos_Trybe/modulo_3/sd-07-trybeer/back-end/routes/checkoutRoute.js": {"path":"/home/coppola/Git/Projetos/Projetos_Trybe/modulo_3/sd-07-trybeer/back-end/routes/checkoutRoute.js","statementMap":{"0":{"start":{"line":1,"column":16},"end":{"line":1,"column":34}},"1":{"start":{"line":3,"column":15},"end":{"line":3,"column":31}},"2":{"start":{"line":5,"column":27},"end":{"line":5,"column":71}},"3":{"start":{"line":7,"column":0},"end":{"line":7,"column":48}},"4":{"start":{"line":8,"column":0},"end":{"line":8,"column":51}},"5":{"start":{"line":9,"column":0},"end":{"line":9,"column":48}},"6":{"start":{"line":10,"column":0},"end":{"line":10,"column":54}},"7":{"start":{"line":12,"column":0},"end":{"line":12,"column":24}}},"fnMap":{},"branchMap":{},"s":{"0":5,"1":5,"2":5,"3":5,"4":5,"5":5,"6":5,"7":5},"f":{},"b":{},"_coverageSchema":"1a1c01bbd47fc00a2c39e90264f33305004495a9","hash":"2193f00a60f1c9e365230bdbbc5e578ad7edeb6a"}
,"/home/coppola/Git/Projetos/Projetos_Trybe/modulo_3/sd-07-trybeer/back-end/routes/loginRoute.js": {"path":"/home/coppola/Git/Projetos/Projetos_Trybe/modulo_3/sd-07-trybeer/back-end/routes/loginRoute.js","statementMap":{"0":{"start":{"line":1,"column":16},"end":{"line":1,"column":34}},"1":{"start":{"line":2,"column":24},"end":{"line":2,"column":65}},"2":{"start":{"line":4,"column":15},"end":{"line":4,"column":31}},"3":{"start":{"line":6,"column":0},"end":{"line":6,"column":40}},"4":{"start":{"line":8,"column":0},"end":{"line":8,"column":24}}},"fnMap":{},"branchMap":{},"s":{"0":5,"1":5,"2":5,"3":5,"4":5},"f":{},"b":{},"_coverageSchema":"1a1c01bbd47fc00a2c39e90264f33305004495a9","hash":"dbec7aa08ed8c7114dd7038b3e07a19863508b7b"}
,"/home/coppola/Git/Projetos/Projetos_Trybe/modulo_3/sd-07-trybeer/back-end/routes/ordersRoute.js": {"path":"/home/coppola/Git/Projetos/Projetos_Trybe/modulo_3/sd-07-trybeer/back-end/routes/ordersRoute.js","statementMap":{"0":{"start":{"line":1,"column":16},"end":{"line":1,"column":34}},"1":{"start":{"line":2,"column":24},"end":{"line":2,"column":65}},"2":{"start":{"line":4,"column":15},"end":{"line":4,"column":31}},"3":{"start":{"line":6,"column":0},"end":{"line":6,"column":46}},"4":{"start":{"line":7,"column":0},"end":{"line":7,"column":49}},"5":{"start":{"line":8,"column":0},"end":{"line":8,"column":60}},"6":{"start":{"line":10,"column":0},"end":{"line":10,"column":24}}},"fnMap":{},"branchMap":{},"s":{"0":5,"1":5,"2":5,"3":5,"4":5,"5":5,"6":5},"f":{},"b":{},"_coverageSchema":"1a1c01bbd47fc00a2c39e90264f33305004495a9","hash":"d3ca1f043c517c1810618adb287e8db0a12ac9a2"}
,"/home/coppola/Git/Projetos/Projetos_Trybe/modulo_3/sd-07-trybeer/back-end/routes/productRoute.js": {"path":"/home/coppola/Git/Projetos/Projetos_Trybe/modulo_3/sd-07-trybeer/back-end/routes/productRoute.js","statementMap":{"0":{"start":{"line":1,"column":16},"end":{"line":1,"column":34}},"1":{"start":{"line":2,"column":26},"end":{"line":2,"column":69}},"2":{"start":{"line":4,"column":15},"end":{"line":4,"column":31}},"3":{"start":{"line":6,"column":0},"end":{"line":6,"column":50}},"4":{"start":{"line":7,"column":0},"end":{"line":7,"column":53}},"5":{"start":{"line":9,"column":0},"end":{"line":9,"column":24}}},"fnMap":{},"branchMap":{},"s":{"0":5,"1":5,"2":5,"3":5,"4":5,"5":5},"f":{},"b":{},"_coverageSchema":"1a1c01bbd47fc00a2c39e90264f33305004495a9","hash":"1a9a328e5c4eb1de372f0d7d96bd6bb04c4d409d"}
,"/home/coppola/Git/Projetos/Projetos_Trybe/modulo_3/sd-07-trybeer/back-end/routes/userRoute.js": {"path":"/home/coppola/Git/Projetos/Projetos_Trybe/modulo_3/sd-07-trybeer/back-end/routes/userRoute.js","statementMap":{"0":{"start":{"line":1,"column":16},"end":{"line":1,"column":34}},"1":{"start":{"line":2,"column":22},"end":{"line":2,"column":64}},"2":{"start":{"line":3,"column":24},"end":{"line":3,"column":64}},"3":{"start":{"line":5,"column":15},"end":{"line":5,"column":31}},"4":{"start":{"line":7,"column":0},"end":{"line":7,"column":45}},"5":{"start":{"line":9,"column":0},"end":{"line":9,"column":62}},"6":{"start":{"line":11,"column":0},"end":{"line":11,"column":24}}},"fnMap":{},"branchMap":{},"s":{"0":5,"1":5,"2":5,"3":5,"4":5,"5":5,"6":5},"f":{},"b":{},"_coverageSchema":"1a1c01bbd47fc00a2c39e90264f33305004495a9","hash":"e24d540b21899aaf2a87c88e1432ee508789857e"}
,"/home/coppola/Git/Projetos/Projetos_Trybe/modulo_3/sd-07-trybeer/back-end/services/checkoutService.js": {"path":"/home/coppola/Git/Projetos/Projetos_Trybe/modulo_3/sd-07-trybeer/back-end/services/checkoutService.js","statementMap":{"0":{"start":{"line":1,"column":18},"end":{"line":1,"column":48}},"1":{"start":{"line":3,"column":20},"end":{"line":6,"column":1}},"2":{"start":{"line":4,"column":19},"end":{"line":4,"column":48}},"3":{"start":{"line":5,"column":2},"end":{"line":5,"column":18}},"4":{"start":{"line":8,"column":20},"end":{"line":11,"column":1}},"5":{"start":{"line":9,"column":15},"end":{"line":9,"column":46}},"6":{"start":{"line":10,"column":2},"end":{"line":10,"column":14}},"7":{"start":{"line":13,"column":19},"end":{"line":16,"column":1}},"8":{"start":{"line":14,"column":15},"end":{"line":14,"column":56}},"9":{"start":{"line":15,"column":2},"end":{"line":15,"column":14}},"10":{"start":{"line":18,"column":24},"end":{"line":21,"column":1}},"11":{"start":{"line":19,"column":19},"end":{"line":19,"column":66}},"12":{"start":{"line":20,"column":2},"end":{"line":20,"column":18}},"13":{"start":{"line":23,"column":0},"end":{"line":23,"column":75}}},"fnMap":{"0":{"name":"(anonymous_0)","decl":{"start":{"line":3,"column":20},"end":{"line":3,"column":21}},"loc":{"start":{"line":3,"column":32},"end":{"line":6,"column":1}},"line":3},"1":{"name":"(anonymous_1)","decl":{"start":{"line":8,"column":20},"end":{"line":8,"column":21}},"loc":{"start":{"line":8,"column":34},"end":{"line":11,"column":1}},"line":8},"2":{"name":"(anonymous_2)","decl":{"start":{"line":13,"column":19},"end":{"line":13,"column":20}},"loc":{"start":{"line":13,"column":40},"end":{"line":16,"column":1}},"line":13},"3":{"name":"(anonymous_3)","decl":{"start":{"line":18,"column":24},"end":{"line":18,"column":25}},"loc":{"start":{"line":18,"column":50},"end":{"line":21,"column":1}},"line":18}},"branchMap":{},"s":{"0":5,"1":5,"2":1,"3":1,"4":5,"5":1,"6":1,"7":5,"8":1,"9":0,"10":5,"11":1,"12":1,"13":5},"f":{"0":1,"1":1,"2":1,"3":1},"b":{},"_coverageSchema":"1a1c01bbd47fc00a2c39e90264f33305004495a9","hash":"e80e5f60772ca82b527aaad56ccf5c82853d06fb"}
,"/home/coppola/Git/Projetos/Projetos_Trybe/modulo_3/sd-07-trybeer/back-end/services/loginService.js": {"path":"/home/coppola/Git/Projetos/Projetos_Trybe/modulo_3/sd-07-trybeer/back-end/services/loginService.js","statementMap":{"0":{"start":{"line":1,"column":19},"end":{"line":1,"column":50}},"1":{"start":{"line":3,"column":18},"end":{"line":3,"column":45}},"2":{"start":{"line":5,"column":22},"end":{"line":15,"column":1}},"3":{"start":{"line":6,"column":2},"end":{"line":8,"column":3}},"4":{"start":{"line":7,"column":4},"end":{"line":7,"column":33}},"5":{"start":{"line":9,"column":2},"end":{"line":14,"column":3}},"6":{"start":{"line":10,"column":23},"end":{"line":10,"column":37}},"7":{"start":{"line":11,"column":4},"end":{"line":13,"column":5}},"8":{"start":{"line":12,"column":6},"end":{"line":12,"column":35}},"9":{"start":{"line":17,"column":25},"end":{"line":22,"column":1}},"10":{"start":{"line":18,"column":2},"end":{"line":21,"column":3}},"11":{"start":{"line":19,"column":4},"end":{"line":19,"column":46}},"12":{"start":{"line":20,"column":4},"end":{"line":20,"column":33}},"13":{"start":{"line":24,"column":28},"end":{"line":30,"column":1}},"14":{"start":{"line":25,"column":18},"end":{"line":25,"column":52}},"15":{"start":{"line":26,"column":2},"end":{"line":29,"column":3}},"16":{"start":{"line":27,"column":4},"end":{"line":27,"column":51}},"17":{"start":{"line":28,"column":4},"end":{"line":28,"column":33}},"18":{"start":{"line":32,"column":20},"end":{"line":38,"column":1}},"19":{"start":{"line":33,"column":2},"end":{"line":33,"column":23}},"20":{"start":{"line":34,"column":2},"end":{"line":34,"column":29}},"21":{"start":{"line":35,"column":2},"end":{"line":35,"column":35}},"22":{"start":{"line":36,"column":15},"end":{"line":36,"column":49}},"23":{"start":{"line":37,"column":2},"end":{"line":37,"column":14}},"24":{"start":{"line":40,"column":0},"end":{"line":42,"column":2}}},"fnMap":{"0":{"name":"(anonymous_0)","decl":{"start":{"line":5,"column":22},"end":{"line":5,"column":23}},"loc":{"start":{"line":5,"column":33},"end":{"line":15,"column":1}},"line":5},"1":{"name":"(anonymous_1)","decl":{"start":{"line":17,"column":25},"end":{"line":17,"column":26}},"loc":{"start":{"line":17,"column":39},"end":{"line":22,"column":1}},"line":17},"2":{"name":"(anonymous_2)","decl":{"start":{"line":24,"column":28},"end":{"line":24,"column":29}},"loc":{"start":{"line":24,"column":45},"end":{"line":30,"column":1}},"line":24},"3":{"name":"(anonymous_3)","decl":{"start":{"line":32,"column":20},"end":{"line":32,"column":21}},"loc":{"start":{"line":32,"column":47},"end":{"line":38,"column":1}},"line":32}},"branchMap":{"0":{"loc":{"start":{"line":6,"column":2},"end":{"line":8,"column":3}},"type":"if","locations":[{"start":{"line":6,"column":2},"end":{"line":8,"column":3}},{"start":{"line":6,"column":2},"end":{"line":8,"column":3}}],"line":6},"1":{"loc":{"start":{"line":9,"column":2},"end":{"line":14,"column":3}},"type":"if","locations":[{"start":{"line":9,"column":2},"end":{"line":14,"column":3}},{"start":{"line":9,"column":2},"end":{"line":14,"column":3}}],"line":9},"2":{"loc":{"start":{"line":11,"column":4},"end":{"line":13,"column":5}},"type":"if","locations":[{"start":{"line":11,"column":4},"end":{"line":13,"column":5}},{"start":{"line":11,"column":4},"end":{"line":13,"column":5}}],"line":11},"3":{"loc":{"start":{"line":18,"column":2},"end":{"line":21,"column":3}},"type":"if","locations":[{"start":{"line":18,"column":2},"end":{"line":21,"column":3}},{"start":{"line":18,"column":2},"end":{"line":21,"column":3}}],"line":18},"4":{"loc":{"start":{"line":18,"column":6},"end":{"line":18,"column":39}},"type":"binary-expr","locations":[{"start":{"line":18,"column":6},"end":{"line":18,"column":15}},{"start":{"line":18,"column":19},"end":{"line":18,"column":39}}],"line":18},"5":{"loc":{"start":{"line":26,"column":2},"end":{"line":29,"column":3}},"type":"if","locations":[{"start":{"line":26,"column":2},"end":{"line":29,"column":3}},{"start":{"line":26,"column":2},"end":{"line":29,"column":3}}],"line":26}},"s":{"0":5,"1":5,"2":5,"3":3,"4":0,"5":3,"6":3,"7":3,"8":1,"9":5,"10":2,"11":0,"12":0,"13":5,"14":2,"15":2,"16":0,"17":0,"18":5,"19":3,"20":2,"21":2,"22":2,"23":2,"24":5},"f":{"0":3,"1":2,"2":2,"3":3},"b":{"0":[0,3],"1":[3,0],"2":[1,2],"3":[0,2],"4":[2,2],"5":[0,2]},"_coverageSchema":"1a1c01bbd47fc00a2c39e90264f33305004495a9","hash":"92ce74c327bba7280ee40e98e6f70852dad2f43a"}
,"/home/coppola/Git/Projetos/Projetos_Trybe/modulo_3/sd-07-trybeer/back-end/services/orderService.js": {"path":"/home/coppola/Git/Projetos/Projetos_Trybe/modulo_3/sd-07-trybeer/back-end/services/orderService.js","statementMap":{"0":{"start":{"line":1,"column":19},"end":{"line":1,"column":50}},"1":{"start":{"line":3,"column":21},"end":{"line":6,"column":1}},"2":{"start":{"line":4,"column":20},"end":{"line":4,"column":51}},"3":{"start":{"line":5,"column":2},"end":{"line":5,"column":19}},"4":{"start":{"line":7,"column":21},"end":{"line":10,"column":1}},"5":{"start":{"line":8,"column":19},"end":{"line":8,"column":52}},"6":{"start":{"line":9,"column":2},"end":{"line":9,"column":18}},"7":{"start":{"line":12,"column":24},"end":{"line":15,"column":1}},"8":{"start":{"line":13,"column":16},"end":{"line":13,"column":52}},"9":{"start":{"line":14,"column":2},"end":{"line":14,"column":15}},"10":{"start":{"line":17,"column":0},"end":{"line":17,"column":65}}},"fnMap":{"0":{"name":"(anonymous_0)","decl":{"start":{"line":3,"column":21},"end":{"line":3,"column":22}},"loc":{"start":{"line":3,"column":33},"end":{"line":6,"column":1}},"line":3},"1":{"name":"(anonymous_1)","decl":{"start":{"line":7,"column":21},"end":{"line":7,"column":22}},"loc":{"start":{"line":7,"column":35},"end":{"line":10,"column":1}},"line":7},"2":{"name":"(anonymous_2)","decl":{"start":{"line":12,"column":24},"end":{"line":12,"column":25}},"loc":{"start":{"line":12,"column":38},"end":{"line":15,"column":1}},"line":12}},"branchMap":{},"s":{"0":5,"1":5,"2":1,"3":1,"4":5,"5":2,"6":2,"7":5,"8":2,"9":2,"10":5},"f":{"0":1,"1":2,"2":2},"b":{},"_coverageSchema":"1a1c01bbd47fc00a2c39e90264f33305004495a9","hash":"6a4e84c3717c862208200e4c4b7433adb422ea0f"}
,"/home/coppola/Git/Projetos/Projetos_Trybe/modulo_3/sd-07-trybeer/back-end/services/productService.js": {"path":"/home/coppola/Git/Projetos/Projetos_Trybe/modulo_3/sd-07-trybeer/back-end/services/productService.js","statementMap":{"0":{"start":{"line":1,"column":21},"end":{"line":1,"column":54}},"1":{"start":{"line":3,"column":23},"end":{"line":6,"column":1}},"2":{"start":{"line":4,"column":22},"end":{"line":4,"column":57}},"3":{"start":{"line":5,"column":2},"end":{"line":5,"column":21}},"4":{"start":{"line":7,"column":23},"end":{"line":10,"column":1}},"5":{"start":{"line":8,"column":21},"end":{"line":8,"column":58}},"6":{"start":{"line":9,"column":2},"end":{"line":9,"column":20}},"7":{"start":{"line":12,"column":0},"end":{"line":12,"column":52}}},"fnMap":{"0":{"name":"(anonymous_0)","decl":{"start":{"line":3,"column":23},"end":{"line":3,"column":24}},"loc":{"start":{"line":3,"column":35},"end":{"line":6,"column":1}},"line":3},"1":{"name":"(anonymous_1)","decl":{"start":{"line":7,"column":23},"end":{"line":7,"column":24}},"loc":{"start":{"line":7,"column":37},"end":{"line":10,"column":1}},"line":7}},"branchMap":{},"s":{"0":5,"1":5,"2":1,"3":1,"4":5,"5":2,"6":2,"7":5},"f":{"0":1,"1":2},"b":{},"_coverageSchema":"1a1c01bbd47fc00a2c39e90264f33305004495a9","hash":"300ff2558a4bad850e955ca8da135015361a99c1"}
,"/home/coppola/Git/Projetos/Projetos_Trybe/modulo_3/sd-07-trybeer/back-end/services/userService.js": {"path":"/home/coppola/Git/Projetos/Projetos_Trybe/modulo_3/sd-07-trybeer/back-end/services/userService.js","statementMap":{"0":{"start":{"line":1,"column":18},"end":{"line":1,"column":48}},"1":{"start":{"line":3,"column":20},"end":{"line":3,"column":49}},"2":{"start":{"line":5,"column":21},"end":{"line":10,"column":1}},"3":{"start":{"line":6,"column":2},"end":{"line":8,"column":3}},"4":{"start":{"line":7,"column":4},"end":{"line":7,"column":33}},"5":{"start":{"line":9,"column":2},"end":{"line":9,"column":14}},"6":{"start":{"line":12,"column":22},"end":{"line":22,"column":1}},"7":{"start":{"line":13,"column":2},"end":{"line":15,"column":3}},"8":{"start":{"line":14,"column":4},"end":{"line":14,"column":33}},"9":{"start":{"line":16,"column":2},"end":{"line":21,"column":3}},"10":{"start":{"line":17,"column":23},"end":{"line":17,"column":37}},"11":{"start":{"line":18,"column":4},"end":{"line":20,"column":5}},"12":{"start":{"line":19,"column":6},"end":{"line":19,"column":35}},"13":{"start":{"line":24,"column":25},"end":{"line":29,"column":1}},"14":{"start":{"line":25,"column":15},"end":{"line":25,"column":16}},"15":{"start":{"line":26,"column":2},"end":{"line":28,"column":3}},"16":{"start":{"line":27,"column":4},"end":{"line":27,"column":33}},"17":{"start":{"line":31,"column":28},"end":{"line":37,"column":1}},"18":{"start":{"line":32,"column":19},"end":{"line":32,"column":52}},"19":{"start":{"line":33,"column":18},"end":{"line":33,"column":44}},"20":{"start":{"line":34,"column":2},"end":{"line":36,"column":3}},"21":{"start":{"line":35,"column":4},"end":{"line":35,"column":29}},"22":{"start":{"line":39,"column":19},"end":{"line":51,"column":1}},"23":{"start":{"line":40,"column":2},"end":{"line":40,"column":21}},"24":{"start":{"line":41,"column":2},"end":{"line":41,"column":23}},"25":{"start":{"line":42,"column":2},"end":{"line":42,"column":29}},"26":{"start":{"line":43,"column":2},"end":{"line":43,"column":35}},"27":{"start":{"line":45,"column":2},"end":{"line":49,"column":3}},"28":{"start":{"line":46,"column":4},"end":{"line":46,"column":57}},"29":{"start":{"line":48,"column":4},"end":{"line":48,"column":62}},"30":{"start":{"line":50,"column":2},"end":{"line":50,"column":14}},"31":{"start":{"line":53,"column":19},"end":{"line":62,"column":1}},"32":{"start":{"line":54,"column":2},"end":{"line":61,"column":3}},"33":{"start":{"line":55,"column":4},"end":{"line":55,"column":23}},"34":{"start":{"line":56,"column":19},"end":{"line":56,"column":58}},"35":{"start":{"line":57,"column":4},"end":{"line":57,"column":16}},"36":{"start":{"line":59,"column":4},"end":{"line":59,"column":25}},"37":{"start":{"line":60,"column":4},"end":{"line":60,"column":25}},"38":{"start":{"line":64,"column":0},"end":{"line":67,"column":2}}},"fnMap":{"0":{"name":"(anonymous_0)","decl":{"start":{"line":5,"column":21},"end":{"line":5,"column":22}},"loc":{"start":{"line":5,"column":31},"end":{"line":10,"column":1}},"line":5},"1":{"name":"(anonymous_1)","decl":{"start":{"line":12,"column":22},"end":{"line":12,"column":23}},"loc":{"start":{"line":12,"column":33},"end":{"line":22,"column":1}},"line":12},"2":{"name":"(anonymous_2)","decl":{"start":{"line":24,"column":25},"end":{"line":24,"column":26}},"loc":{"start":{"line":24,"column":39},"end":{"line":29,"column":1}},"line":24},"3":{"name":"(anonymous_3)","decl":{"start":{"line":31,"column":28},"end":{"line":31,"column":29}},"loc":{"start":{"line":31,"column":45},"end":{"line":37,"column":1}},"line":31},"4":{"name":"(anonymous_4)","decl":{"start":{"line":39,"column":19},"end":{"line":39,"column":20}},"loc":{"start":{"line":39,"column":65},"end":{"line":51,"column":1}},"line":39},"5":{"name":"(anonymous_5)","decl":{"start":{"line":53,"column":19},"end":{"line":53,"column":20}},"loc":{"start":{"line":53,"column":42},"end":{"line":62,"column":1}},"line":53}},"branchMap":{"0":{"loc":{"start":{"line":6,"column":2},"end":{"line":8,"column":3}},"type":"if","locations":[{"start":{"line":6,"column":2},"end":{"line":8,"column":3}},{"start":{"line":6,"column":2},"end":{"line":8,"column":3}}],"line":6},"1":{"loc":{"start":{"line":6,"column":6},"end":{"line":6,"column":31}},"type":"binary-expr","locations":[{"start":{"line":6,"column":6},"end":{"line":6,"column":11}},{"start":{"line":6,"column":15},"end":{"line":6,"column":31}}],"line":6},"2":{"loc":{"start":{"line":13,"column":2},"end":{"line":15,"column":3}},"type":"if","locations":[{"start":{"line":13,"column":2},"end":{"line":15,"column":3}},{"start":{"line":13,"column":2},"end":{"line":15,"column":3}}],"line":13},"3":{"loc":{"start":{"line":16,"column":2},"end":{"line":21,"column":3}},"type":"if","locations":[{"start":{"line":16,"column":2},"end":{"line":21,"column":3}},{"start":{"line":16,"column":2},"end":{"line":21,"column":3}}],"line":16},"4":{"loc":{"start":{"line":18,"column":4},"end":{"line":20,"column":5}},"type":"if","locations":[{"start":{"line":18,"column":4},"end":{"line":20,"column":5}},{"start":{"line":18,"column":4},"end":{"line":20,"column":5}}],"line":18},"5":{"loc":{"start":{"line":26,"column":2},"end":{"line":28,"column":3}},"type":"if","locations":[{"start":{"line":26,"column":2},"end":{"line":28,"column":3}},{"start":{"line":26,"column":2},"end":{"line":28,"column":3}}],"line":26},"6":{"loc":{"start":{"line":26,"column":6},"end":{"line":26,"column":42}},"type":"binary-expr","locations":[{"start":{"line":26,"column":6},"end":{"line":26,"column":15}},{"start":{"line":26,"column":19},"end":{"line":26,"column":42}}],"line":26},"7":{"loc":{"start":{"line":34,"column":2},"end":{"line":36,"column":3}},"type":"if","locations":[{"start":{"line":34,"column":2},"end":{"line":36,"column":3}},{"start":{"line":34,"column":2},"end":{"line":36,"column":3}}],"line":34},"8":{"loc":{"start":{"line":45,"column":2},"end":{"line":49,"column":3}},"type":"if","locations":[{"start":{"line":45,"column":2},"end":{"line":49,"column":3}},{"start":{"line":45,"column":2},"end":{"line":49,"column":3}}],"line":45}},"s":{"0":5,"1":5,"2":5,"3":12,"4":4,"5":8,"6":5,"7":7,"8":1,"9":6,"10":6,"11":6,"12":1,"13":5,"14":5,"15":5,"16":2,"17":5,"18":3,"19":3,"20":3,"21":1,"22":5,"23":10,"24":7,"25":5,"26":3,"27":2,"28":1,"29":1,"30":2,"31":5,"32":2,"33":2,"34":1,"35":1,"36":1,"37":1,"38":5},"f":{"0":12,"1":7,"2":5,"3":3,"4":10,"5":2},"b":{"0":[4,8],"1":[12,10],"2":[1,6],"3":[6,0],"4":[1,5],"5":[2,3],"6":[5,4],"7":[1,2],"8":[1,1]},"_coverageSchema":"1a1c01bbd47fc00a2c39e90264f33305004495a9","hash":"416203cef46c5fbc90ff9e7e218f3cd26d1ba5a7"}
}
