TN:
SF:server.js
FNF:0
FNH:0
DA:1,5
DA:2,5
DA:3,5
DA:5,5
DA:6,5
DA:7,5
DA:8,5
DA:9,5
DA:11,5
DA:13,5
DA:15,5
DA:16,5
DA:18,5
DA:20,5
DA:21,5
DA:22,5
DA:23,5
DA:24,5
DA:26,5
LF:19
LH:19
BRF:0
BRH:0
end_of_record
TN:
SF:controllers/checkoutController.js
FN:8,(anonymous_0)
FN:21,(anonymous_1)
FN:36,(anonymous_2)
FN:51,(anonymous_3)
FNF:4
FNH:4
FNDA:1,(anonymous_0)
FNDA:1,(anonymous_1)
FNDA:1,(anonymous_2)
FNDA:1,(anonymous_3)
DA:1,5
DA:3,5
DA:4,5
DA:5,5
DA:6,5
DA:8,5
DA:9,1
DA:10,1
DA:11,1
DA:12,0
DA:14,1
DA:16,0
DA:17,0
DA:21,5
DA:22,1
DA:23,1
DA:24,1
DA:25,1
DA:26,0
DA:27,0
DA:29,1
DA:31,0
DA:32,0
DA:36,5
DA:37,1
DA:38,1
DA:39,1
DA:40,0
DA:42,0
DA:43,0
DA:44,0
DA:45,0
DA:47,0
DA:51,5
DA:52,1
DA:53,1
DA:54,1
DA:55,1
DA:56,1
DA:58,0
DA:60,0
DA:61,0
DA:65,5
LF:43
LH:27
BRDA:11,0,0,0
BRDA:11,0,1,1
BRDA:25,1,0,0
BRDA:25,1,1,1
BRDA:44,2,0,0
BRDA:44,2,1,0
BRF:6
BRH:2
end_of_record
TN:
SF:controllers/loginController.js
FN:6,(anonymous_0)
FN:13,(anonymous_1)
FNF:2
FNH:2
FNDA:2,(anonymous_0)
FNDA:3,(anonymous_1)
DA:1,5
DA:2,5
DA:4,5
DA:6,5
DA:7,2
DA:8,2
DA:10,2
DA:13,5
DA:14,3
DA:15,3
DA:16,3
DA:17,2
DA:18,2
DA:22,2
DA:23,2
DA:24,2
DA:27,1
DA:28,1
DA:32,5
LF:19
LH:19
BRDA:8,0,0,2
BRDA:8,0,1,2
BRDA:8,0,2,0
BRDA:17,1,0,2
BRDA:17,1,1,0
BRF:5
BRH:3
end_of_record
TN:
SF:controllers/orderController.js
FN:7,(anonymous_0)
FN:20,(anonymous_1)
FN:35,(anonymous_2)
FNF:3
FNH:3
FNDA:1,(anonymous_0)
FNDA:2,(anonymous_1)
FNDA:2,(anonymous_2)
DA:1,5
DA:3,5
DA:4,5
DA:5,5
DA:7,5
DA:8,1
DA:9,1
DA:10,1
DA:11,0
DA:13,1
DA:15,0
DA:16,0
DA:20,5
DA:21,2
DA:22,2
DA:23,2
DA:24,2
DA:25,1
DA:26,1
DA:28,1
DA:30,1
DA:31,1
DA:35,5
DA:36,2
DA:37,2
DA:38,2
DA:39,2
DA:40,1
DA:41,1
DA:43,1
DA:45,1
DA:46,1
DA:50,5
LF:33
LH:30
BRDA:10,0,0,0
BRDA:10,0,1,1
BRDA:10,1,0,1
BRDA:10,1,1,1
BRDA:24,2,0,1
BRDA:24,2,1,1
BRDA:24,3,0,2
BRDA:24,3,1,2
BRDA:39,4,0,1
BRDA:39,4,1,1
BRDA:39,5,0,2
BRDA:39,5,1,2
BRF:12
BRH:11
end_of_record
TN:
SF:controllers/productController.js
FN:7,(anonymous_0)
FN:17,(anonymous_1)
FNF:2
FNH:2
FNDA:1,(anonymous_0)
FNDA:2,(anonymous_1)
DA:1,5
DA:3,5
DA:4,5
DA:5,5
DA:7,5
DA:8,1
DA:9,1
DA:10,1
DA:11,1
DA:13,0
DA:14,0
DA:17,5
DA:18,2
DA:19,2
DA:20,2
DA:21,2
DA:22,1
DA:23,1
DA:25,1
DA:27,1
DA:28,1
DA:32,5
LF:22
LH:20
BRDA:10,0,0,0
BRDA:10,0,1,1
BRDA:21,1,0,1
BRDA:21,1,1,1
BRDA:21,2,0,2
BRDA:21,2,1,2
BRF:6
BRH:5
end_of_record
TN:
SF:controllers/userController.js
FN:9,(anonymous_0)
FN:30,(anonymous_1)
FNF:2
FNH:2
FNDA:10,(anonymous_0)
FNDA:2,(anonymous_1)
DA:1,5
DA:3,5
DA:4,5
DA:5,5
DA:6,5
DA:7,5
DA:9,5
DA:10,10
DA:11,10
DA:12,10
DA:18,2
DA:22,8
DA:23,8
DA:24,1
DA:26,7
DA:30,5
DA:31,2
DA:32,2
DA:33,2
DA:34,2
DA:35,1
DA:37,1
DA:38,1
DA:39,1
DA:43,5
LF:25
LH:25
BRDA:23,0,0,1
BRDA:23,0,1,7
BRDA:34,1,0,1
BRDA:34,1,1,1
BRF:4
BRH:4
end_of_record
TN:
SF:middlewares/validateTokenMid.js
FN:6,(anonymous_0)
FNF:1
FNH:1
FNDA:3,(anonymous_0)
DA:1,5
DA:2,5
DA:4,5
DA:6,5
DA:7,3
DA:8,3
DA:9,1
DA:10,1
DA:12,2
DA:13,2
DA:14,2
DA:16,2
DA:17,0
DA:18,0
DA:20,2
DA:21,2
DA:23,0
DA:27,5
LF:18
LH:15
BRDA:8,0,0,1
BRDA:8,0,1,2
BRDA:13,1,0,2
BRDA:13,1,1,0
BRDA:16,2,0,0
BRDA:16,2,1,2
BRF:6
BRH:4
end_of_record
TN:
SF:models/connection.js
FNF:0
FNH:0
DA:1,5
DA:2,5
DA:4,5
DA:12,5
LF:4
LH:4
BRF:0
BRH:0
end_of_record
TN:
SF:models/loginModel.js
FN:16,(anonymous_0)
FNF:1
FNH:1
FNDA:4,(anonymous_0)
DA:1,5
DA:16,5
DA:17,4
DA:20,4
DA:50,5
LF:5
LH:5
BRF:0
BRH:0
end_of_record
TN:
SF:models/orderModel.js
FN:3,(anonymous_0)
FN:9,(anonymous_1)
FN:17,(anonymous_2)
FNF:3
FNH:3
FNDA:1,(anonymous_0)
FNDA:2,(anonymous_1)
FNDA:2,(anonymous_2)
DA:1,5
DA:3,5
DA:4,1
DA:7,1
DA:9,5
DA:10,2
DA:14,2
DA:17,5
DA:18,2
DA:25,2
DA:28,5
LF:11
LH:11
BRF:0
BRH:0
end_of_record
TN:
SF:models/productModel.js
FN:3,(anonymous_0)
FN:9,(anonymous_1)
FNF:2
FNH:2
FNDA:1,(anonymous_0)
FNDA:2,(anonymous_1)
DA:1,5
DA:3,5
DA:4,1
DA:7,1
DA:9,5
DA:10,2
DA:14,2
DA:17,5
LF:8
LH:8
BRF:0
BRH:0
end_of_record
TN:
SF:models/saleModel.js
FN:3,(anonymous_0)
FN:8,(anonymous_1)
FN:15,(anonymous_2)
FN:23,(anonymous_3)
FN:37,(anonymous_4)
FNF:5
FNH:4
FNDA:1,(anonymous_0)
FNDA:1,(anonymous_1)
FNDA:1,(anonymous_2)
FNDA:0,(anonymous_3)
FNDA:1,(anonymous_4)
DA:1,5
DA:3,5
DA:4,1
DA:5,1
DA:8,5
DA:9,1
DA:12,1
DA:15,5
DA:16,1
DA:17,1
DA:23,0
DA:24,0
DA:28,0
DA:30,0
DA:37,5
DA:38,1
DA:39,1
DA:42,1
DA:45,1
DA:48,5
LF:20
LH:16
BRF:0
BRH:0
end_of_record
TN:
SF:models/userModel.js
FN:3,(anonymous_0)
FN:11,(anonymous_1)
FN:19,(anonymous_2)
FN:30,(anonymous_3)
FN:41,(anonymous_4)
FNF:5
FNH:5
FNDA:4,(anonymous_0)
FNDA:2,(anonymous_1)
FNDA:1,(anonymous_2)
FNDA:1,(anonymous_3)
FNDA:1,(anonymous_4)
DA:1,5
DA:3,5
DA:4,4
DA:8,4
DA:11,5
DA:12,2
DA:16,2
DA:19,5
DA:20,1
DA:23,1
DA:27,1
DA:30,5
DA:31,1
DA:34,1
DA:38,1
DA:41,5
DA:42,1
DA:43,1
DA:44,1
DA:47,5
LF:20
LH:20
BRF:0
BRH:0
end_of_record
TN:
SF:routes/checkoutRoute.js
FNF:0
FNH:0
DA:1,5
DA:3,5
DA:5,5
DA:7,5
DA:8,5
DA:9,5
DA:10,5
DA:12,5
LF:8
LH:8
BRF:0
BRH:0
end_of_record
TN:
SF:routes/loginRoute.js
FNF:0
FNH:0
DA:1,5
DA:2,5
DA:4,5
DA:6,5
DA:8,5
LF:5
LH:5
BRF:0
BRH:0
end_of_record
TN:
SF:routes/ordersRoute.js
FNF:0
FNH:0
DA:1,5
DA:2,5
DA:4,5
DA:6,5
DA:7,5
DA:8,5
DA:10,5
LF:7
LH:7
BRF:0
BRH:0
end_of_record
TN:
SF:routes/productRoute.js
FNF:0
FNH:0
DA:1,5
DA:2,5
DA:4,5
DA:6,5
DA:7,5
DA:9,5
LF:6
LH:6
BRF:0
BRH:0
end_of_record
TN:
SF:routes/userRoute.js
FNF:0
FNH:0
DA:1,5
DA:2,5
DA:3,5
DA:5,5
DA:7,5
DA:9,5
DA:11,5
LF:7
LH:7
BRF:0
BRH:0
end_of_record
TN:
SF:services/checkoutService.js
FN:3,(anonymous_0)
FN:8,(anonymous_1)
FN:13,(anonymous_2)
FN:18,(anonymous_3)
FNF:4
FNH:4
FNDA:1,(anonymous_0)
FNDA:1,(anonymous_1)
FNDA:1,(anonymous_2)
FNDA:1,(anonymous_3)
DA:1,5
DA:3,5
DA:4,1
DA:5,1
DA:8,5
DA:9,1
DA:10,1
DA:13,5
DA:14,1
DA:15,0
DA:18,5
DA:19,1
DA:20,1
DA:23,5
LF:14
LH:13
BRF:0
BRH:0
end_of_record
TN:
SF:services/loginService.js
FN:5,(anonymous_0)
FN:17,(anonymous_1)
FN:24,(anonymous_2)
FN:32,(anonymous_3)
FNF:4
FNH:4
FNDA:3,(anonymous_0)
FNDA:2,(anonymous_1)
FNDA:2,(anonymous_2)
FNDA:3,(anonymous_3)
DA:1,5
DA:3,5
DA:5,5
DA:6,3
DA:7,0
DA:9,3
DA:10,3
DA:11,3
DA:12,1
DA:17,5
DA:18,2
DA:19,0
DA:20,0
DA:24,5
DA:25,2
DA:26,2
DA:27,0
DA:28,0
DA:32,5
DA:33,3
DA:34,2
DA:35,2
DA:36,2
DA:37,2
DA:40,5
LF:25
LH:20
BRDA:6,0,0,0
BRDA:6,0,1,3
BRDA:9,1,0,3
BRDA:9,1,1,0
BRDA:11,2,0,1
BRDA:11,2,1,2
BRDA:18,3,0,0
BRDA:18,3,1,2
BRDA:18,4,0,2
BRDA:18,4,1,2
BRDA:26,5,0,0
BRDA:26,5,1,2
BRF:12
BRH:8
end_of_record
TN:
SF:services/orderService.js
FN:3,(anonymous_0)
FN:7,(anonymous_1)
FN:12,(anonymous_2)
FNF:3
FNH:3
FNDA:1,(anonymous_0)
FNDA:2,(anonymous_1)
FNDA:2,(anonymous_2)
DA:1,5
DA:3,5
DA:4,1
DA:5,1
DA:7,5
DA:8,2
DA:9,2
DA:12,5
DA:13,2
DA:14,2
DA:17,5
LF:11
LH:11
BRF:0
BRH:0
end_of_record
TN:
SF:services/productService.js
FN:3,(anonymous_0)
FN:7,(anonymous_1)
FNF:2
FNH:2
FNDA:1,(anonymous_0)
FNDA:2,(anonymous_1)
DA:1,5
DA:3,5
DA:4,1
DA:5,1
DA:7,5
DA:8,2
DA:9,2
DA:12,5
LF:8
LH:8
BRF:0
BRH:0
end_of_record
TN:
SF:services/userService.js
FN:5,(anonymous_0)
FN:12,(anonymous_1)
FN:24,(anonymous_2)
FN:31,(anonymous_3)
FN:39,(anonymous_4)
FN:53,(anonymous_5)
FNF:6
FNH:6
FNDA:12,(anonymous_0)
FNDA:7,(anonymous_1)
FNDA:5,(anonymous_2)
FNDA:3,(anonymous_3)
FNDA:10,(anonymous_4)
FNDA:2,(anonymous_5)
DA:1,5
DA:3,5
DA:5,5
DA:6,12
DA:7,4
DA:9,8
DA:12,5
DA:13,7
DA:14,1
DA:16,6
DA:17,6
DA:18,6
DA:19,1
DA:24,5
DA:25,5
DA:26,5
DA:27,2
DA:31,5
DA:32,3
DA:33,3
DA:34,3
DA:35,1
DA:39,5
DA:40,10
DA:41,7
DA:42,5
DA:43,3
DA:45,2
DA:46,1
DA:48,1
DA:50,2
DA:53,5
DA:54,2
DA:55,2
DA:56,1
DA:57,1
DA:59,1
DA:60,1
DA:64,5
LF:39
LH:39
BRDA:6,0,0,4
BRDA:6,0,1,8
BRDA:6,1,0,12
BRDA:6,1,1,10
BRDA:13,2,0,1
BRDA:13,2,1,6
BRDA:16,3,0,6
BRDA:16,3,1,0
BRDA:18,4,0,1
BRDA:18,4,1,5
BRDA:26,5,0,2
BRDA:26,5,1,3
BRDA:26,6,0,5
BRDA:26,6,1,4
BRDA:34,7,0,1
BRDA:34,7,1,2
BRDA:45,8,0,1
BRDA:45,8,1,1
BRF:18
BRH:17
end_of_record
